<?xml version="1.0" encoding="UTF-8" ?>
<testsuite tests="9" failures="0" name="com.lastminute.salestaxes.ecommerce.ShoppingBasketTest" time="0.006" errors="1" skipped="0">
  <properties>
[...]
</properties>
  <testcase classname="com.lastminute.salestaxes.ecommerce.ShoppingBasketTest" name="testAddInvalidItem" time="0"/>
  <testcase classname="com.lastminute.salestaxes.ecommerce.ShoppingBasketTest" name="testAddItem" time="0.001"/>
  <testcase classname="com.lastminute.salestaxes.ecommerce.ShoppingBasketTest" name="testIncrementQuantity" time="0"/>
  <testcase classname="com.lastminute.salestaxes.ecommerce.ShoppingBasketTest" name="testDecrementInvalidQuantity" time="0"/>
  <testcase classname="com.lastminute.salestaxes.ecommerce.ShoppingBasketTest" name="testIncrementQuantityUnexistentItem" time="0.001"/>
  <testcase classname="com.lastminute.salestaxes.ecommerce.ShoppingBasketTest" name="testRemoveItem" time="0"/>
  <testcase classname="com.lastminute.salestaxes.ecommerce.ShoppingBasketTest" name="testPurchaseShoppingBasket" time="0.004">
    <error message="Could not initialize class com.lastminute.salestaxes.ecommerce.Receipt" type="java.lang.NoClassDefFoundError">java.lang.NoClassDefFoundError: Could not initialize class com.lastminute.salestaxes.ecommerce.Receipt
	at com.lastminute.salestaxes.ecommerce.ShoppingBasket.purchase(ShoppingBasket.java:114)
	at com.lastminute.salestaxes.ecommerce.ShoppingBasketTest.testPurchaseShoppingBasket(ShoppingBasketTest.java:127)
	at sun.reflect.NativeMethodAccessorImpl.invoke0(Native Method)
	at sun.reflect.NativeMethodAccessorImpl.invoke(NativeMethodAccessorImpl.java:62)
	at sun.reflect.DelegatingMethodAccessorImpl.invoke(DelegatingMethodAccessorImpl.java:43)
	at java.lang.reflect.Method.invoke(Method.java:498)
	at org.junit.runners.model.FrameworkMethod$1.runReflectiveCall(FrameworkMethod.java:50)
	at org.junit.internal.runners.model.ReflectiveCallable.run(ReflectiveCallable.java:12)
	at org.junit.runners.model.FrameworkMethod.invokeExplosively(FrameworkMethod.java:47)
	at org.junit.internal.runners.statements.InvokeMethod.evaluate(InvokeMethod.java:17)
	at org.junit.internal.runners.statements.RunBefores.evaluate(RunBefores.java:26)
	at org.junit.rules.ExpectedException$ExpectedExceptionStatement.evaluate(ExpectedException.java:239)
	at org.junit.rules.RunRules.evaluate(RunRules.java:20)
	at org.junit.runners.ParentRunner.runLeaf(ParentRunner.java:325)
	at org.junit.runners.BlockJUnit4ClassRunner.runChild(BlockJUnit4ClassRunner.java:78)
	at org.junit.runners.BlockJUnit4ClassRunner.runChild(BlockJUnit4ClassRunner.java:57)
	at org.junit.runners.ParentRunner$3.run(ParentRunner.java:290)
	at org.junit.runners.ParentRunner$1.schedule(ParentRunner.java:71)
	at org.junit.runners.ParentRunner.runChildren(ParentRunner.java:288)
	at org.junit.runners.ParentRunner.access$000(ParentRunner.java:58)
	at org.junit.runners.ParentRunner$2.evaluate(ParentRunner.java:268)
	at org.junit.runners.ParentRunner.run(ParentRunner.java:363)
	at org.apache.maven.surefire.junit4.JUnit4Provider.execute(JUnit4Provider.java:252)
	at org.apache.maven.surefire.junit4.JUnit4Provider.executeTestSet(JUnit4Provider.java:141)
	at org.apache.maven.surefire.junit4.JUnit4Provider.invoke(JUnit4Provider.java:112)
	at sun.reflect.NativeMethodAccessorImpl.invoke0(Native Method)
	at sun.reflect.NativeMethodAccessorImpl.invoke(NativeMethodAccessorImpl.java:62)
	at sun.reflect.DelegatingMethodAccessorImpl.invoke(DelegatingMethodAccessorImpl.java:43)
	at java.lang.reflect.Method.invoke(Method.java:498)
	at org.apache.maven.surefire.util.ReflectionUtils.invokeMethodWithArray(ReflectionUtils.java:189)
	at org.apache.maven.surefire.booter.ProviderFactory$ProviderProxy.invoke(ProviderFactory.java:165)
	at org.apache.maven.surefire.booter.ProviderFactory.invokeProvider(ProviderFactory.java:85)
	at org.apache.maven.surefire.booter.ForkedBooter.runSuitesInProcess(ForkedBooter.java:115)
	at org.apache.maven.surefire.booter.ForkedBooter.main(ForkedBooter.java:75)
</error>
  </testcase>
  <testcase classname="com.lastminute.salestaxes.ecommerce.ShoppingBasketTest" name="testDecrementQuantity" time="0"/>
  <testcase classname="com.lastminute.salestaxes.ecommerce.ShoppingBasketTest" name="testPurchaseEmptyShoppingBasket" time="0"/>
</testsuite>